Java HotSpot(TM) 64-Bit Server VM warning: ignoring option MaxPermSize=350m; support was removed in 8.0
[  10483]   WARN - pl.ExternalResourceManagerImpl - Cannot find standard resource. filename:/META-INF/tapestry_5_0_0.xsd class=class com.intellij.javaee.ResourceRegistrarImpl, classLoader:null 
[  61073]   WARN - ution.rmi.RemoteProcessSupport - log4j:WARN No appenders could be found for logger (org.apache.maven.wagon.providers.http.httpclient.client.protocol.RequestAddCookies). 
[  61073]   WARN - ution.rmi.RemoteProcessSupport - log4j:WARN Please initialize the log4j system properly. 
[  61073]   WARN - ution.rmi.RemoteProcessSupport - log4j:WARN See http://logging.apache.org/log4j/1.2/faq.html#noconfig for more info. 

(process:27704): Gtk-WARNING **: Locale not supported by C library.
	Using the fallback 'C' locale.
[4593827]   WARN - api.vfs.impl.local.FileWatcher - Watcher terminated with exit code 0 
Java HotSpot(TM) 64-Bit Server VM warning: ignoring option MaxPermSize=350m; support was removed in 8.0
[   8786]   WARN - pl.ExternalResourceManagerImpl - Cannot find standard resource. filename:/META-INF/tapestry_5_0_0.xsd class=class com.intellij.javaee.ResourceRegistrarImpl, classLoader:null 
[WARNING] 
[WARNING] Some problems were encountered while building the effective model for com.firelib:execution:jar:1.0-SNAPSHOT
[WARNING] 'build.plugins.plugin.version' for org.scala-tools:maven-scala-plugin is missing. @ line 70, column 21
[WARNING] 
[WARNING] It is highly recommended to fix these problems because they threaten the stability of your build.
[WARNING] 
[WARNING] For this reason, future Maven versions might no longer support building such malformed projects.
[WARNING] 
[INFO] Using 'UTF-8' encoding to copy filtered resources.
[INFO] Copying 0 resource
[WARNING] 
[WARNING] Some problems were encountered while building the effective model for com.firelib:ibgate:jar:1.0-SNAPSHOT
[WARNING] 'build.plugins.plugin.version' for org.scala-tools:maven-scala-plugin is missing. @ com.firelib:firelib:1.0-SNAPSHOT, /home/ivan/IdeaProjects/firelib/pom.xml, line 77, column 21
[WARNING] 
[WARNING] Some problems were encountered while building the effective model for com.firelib:domain:jar:1.0-SNAPSHOT
[WARNING] 'build.plugins.plugin.version' for org.scala-tools:maven-scala-plugin is missing. @ line 58, column 21
[WARNING] 
[WARNING] Some problems were encountered while building the effective model for com.firelib:backtest:jar:1.0-SNAPSHOT
[WARNING] 'build.plugins.plugin.version' for org.scala-tools:maven-scala-plugin is missing. @ line 63, column 21
[WARNING] 
[WARNING] Some problems were encountered while building the effective model for com.firelib:execution:jar:1.0-SNAPSHOT
[WARNING] 'build.plugins.plugin.version' for org.scala-tools:maven-scala-plugin is missing. @ line 70, column 21
[WARNING] 
[WARNING] Some problems were encountered while building the effective model for com.firelib:firelib:pom:1.0-SNAPSHOT
[WARNING] 'build.plugins.plugin.version' for org.scala-tools:maven-scala-plugin is missing. @ line 77, column 21
[WARNING] 
[WARNING] It is highly recommended to fix these problems because they threaten the stability of your build.
[WARNING] 
[WARNING] For this reason, future Maven versions might no longer support building such malformed projects.
[WARNING] 
[INFO] Using 'UTF-8' encoding to copy filtered resources.
[INFO] Copying 0 resource
[INFO] Using 'UTF-8' encoding to copy filtered resources.
[INFO] Copying 0 resource
[INFO] Using 'UTF-8' encoding to copy filtered resources.
[INFO] Copying 0 resource
[INFO] Using 'UTF-8' encoding to copy filtered resources.
[INFO] Copying 0 resource
[WARNING] 
[WARNING] Some problems were encountered while building the effective model for com.firelib:backtest:jar:1.0-SNAPSHOT
[WARNING] 'build.plugins.plugin.version' for org.scala-tools:maven-scala-plugin is missing. @ line 63, column 21
[WARNING] 
[WARNING] It is highly recommended to fix these problems because they threaten the stability of your build.
[WARNING] 
[WARNING] For this reason, future Maven versions might no longer support building such malformed projects.
[WARNING] 
[INFO] Using 'UTF-8' encoding to copy filtered resources.
[INFO] Copying 0 resource
[WARNING] 
[WARNING] Some problems were encountered while building the effective model for com.firelib:domain:jar:1.0-SNAPSHOT
[WARNING] 'build.plugins.plugin.version' for org.scala-tools:maven-scala-plugin is missing. @ line 58, column 21
[WARNING] 
[WARNING] It is highly recommended to fix these problems because they threaten the stability of your build.
[WARNING] 
[WARNING] For this reason, future Maven versions might no longer support building such malformed projects.
[WARNING] 
[INFO] Using 'UTF-8' encoding to copy filtered resources.
[INFO] Copying 0 resource
[WARNING] 
[WARNING] Some problems were encountered while building the effective model for com.firelib:ibgate:jar:1.0-SNAPSHOT
[WARNING] 'build.plugins.plugin.version' for org.scala-tools:maven-scala-plugin is missing. @ com.firelib:firelib:1.0-SNAPSHOT, /home/ivan/IdeaProjects/firelib/pom.xml, line 77, column 21
[WARNING] 
[WARNING] It is highly recommended to fix these problems because they threaten the stability of your build.
[WARNING] 
[WARNING] For this reason, future Maven versions might no longer support building such malformed projects.
[WARNING] 
[INFO] Using 'UTF-8' encoding to copy filtered resources.
[INFO] Copying 0 resource
[WARNING] 
[WARNING] Some problems were encountered while building the effective settings
[WARNING] expected START_TAG or END_TAG not TEXT (position: TEXT seen ... if these are not\n   | already contained in the list.\n   |-->\n  <p... @85:5)  @ /home/ivan/.m2/settings.xml, line 85, column 5
[WARNING] 
[INFO] Scanning for projects...
[WARNING] 
[WARNING] Some problems were encountered while building the effective model for com.firelib:ibgate:jar:1.0-SNAPSHOT
[WARNING] 'build.plugins.plugin.version' for org.scala-tools:maven-scala-plugin is missing. @ com.firelib:firelib:1.0-SNAPSHOT, /home/ivan/IdeaProjects/firelib/pom.xml, line 77, column 21
[WARNING] 
[WARNING] Some problems were encountered while building the effective model for com.firelib:domain:jar:1.0-SNAPSHOT
[WARNING] 'build.plugins.plugin.version' for org.scala-tools:maven-scala-plugin is missing. @ line 58, column 21
[WARNING] 
[WARNING] Some problems were encountered while building the effective model for com.firelib:backtest:jar:1.0-SNAPSHOT
[WARNING] 'build.plugins.plugin.version' for org.scala-tools:maven-scala-plugin is missing. @ line 63, column 21
[WARNING] 
[WARNING] Some problems were encountered while building the effective model for com.firelib:execution:jar:1.0-SNAPSHOT
[WARNING] 'build.plugins.plugin.version' for org.scala-tools:maven-scala-plugin is missing. @ line 70, column 21
[WARNING] 
[WARNING] Some problems were encountered while building the effective model for com.firelib:firelib:pom:1.0-SNAPSHOT
[WARNING] 'build.plugins.plugin.version' for org.scala-tools:maven-scala-plugin is missing. @ line 77, column 21
[WARNING] 
[WARNING] It is highly recommended to fix these problems because they threaten the stability of your build.
[WARNING] 
[WARNING] For this reason, future Maven versions might no longer support building such malformed projects.
[WARNING] 
[INFO] ------------------------------------------------------------------------
[INFO] Reactor Build Order:
[INFO] 
[INFO] trading library written in scala/java
[INFO] ibgate
[INFO] domain
[INFO] backtest
[INFO] execution
[INFO]                                                                         
[INFO] ------------------------------------------------------------------------
[INFO] Building trading library written in scala/java 1.0-SNAPSHOT
[INFO] ------------------------------------------------------------------------
[INFO] 
[INFO] --- maven-clean-plugin:2.5:clean (default-clean) @ firelib ---
[INFO] Deleting /home/ivan/IdeaProjects/firelib/target
[INFO] 
[INFO] --- maven-scala-plugin:2.15.2:compile (default) @ firelib ---
[INFO] Checking for multiple versions of scala
[WARNING]  Expected all dependencies to require Scala version: 2.11.1
[WARNING]  com.firelib:firelib:1.0-SNAPSHOT requires scala version: 2.11.1
[WARNING]  org.scalanlp:breeze_2.11:0.8.1 requires scala version: 2.11.1
[WARNING]  org.scalanlp:breeze-macros_2.11:0.3.1 requires scala version: 2.11.0
[WARNING] Multiple versions of scala libraries detected!
[INFO] includes = [**/*.java,**/*.scala,]
[INFO] excludes = []
[WARNING] No source files found.
[INFO] 
[INFO] --- maven-scala-plugin:2.15.2:testCompile (default) @ firelib ---
[INFO] Checking for multiple versions of scala
[WARNING]  Expected all dependencies to require Scala version: 2.11.1
[WARNING]  com.firelib:firelib:1.0-SNAPSHOT requires scala version: 2.11.1
[WARNING]  org.scalanlp:breeze_2.11:0.8.1 requires scala version: 2.11.1
[WARNING]  org.scalanlp:breeze-macros_2.11:0.3.1 requires scala version: 2.11.0
[WARNING] Multiple versions of scala libraries detected!
[INFO] includes = [**/*.java,**/*.scala,]
[INFO] excludes = []
[WARNING] No source files found.
[INFO] 
[INFO] --- maven-install-plugin:2.3:install (default-install) @ firelib ---
[INFO] Installing /home/ivan/IdeaProjects/firelib/pom.xml to /home/ivan/.m2/repository/com/firelib/firelib/1.0-SNAPSHOT/firelib-1.0-SNAPSHOT.pom
[INFO]                                                                         
[INFO] ------------------------------------------------------------------------
[INFO] Building ibgate 1.0-SNAPSHOT
[INFO] ------------------------------------------------------------------------
[INFO] 
[INFO] --- maven-clean-plugin:2.5:clean (default-clean) @ ibgate ---
[INFO] Deleting /home/ivan/IdeaProjects/firelib/ibgate/target
[INFO] 
[INFO] --- maven-resources-plugin:2.3:resources (default-resources) @ ibgate ---
[INFO] Using 'UTF-8' encoding to copy filtered resources.
[INFO] Copying 0 resource
[INFO] 
[INFO] --- maven-compiler-plugin:3.0:compile (default-compile) @ ibgate ---
[INFO] Changes detected - recompiling the module!
[INFO] Compiling 55 source files to /home/ivan/IdeaProjects/firelib/ibgate/target/classes
[WARNING] /home/ivan/IdeaProjects/firelib/ibgate/src/main/java/com/ib/controller/ApiController.java: /home/ivan/IdeaProjects/firelib/ibgate/src/main/java/com/ib/controller/ApiController.java uses or overrides a deprecated API.
[WARNING] /home/ivan/IdeaProjects/firelib/ibgate/src/main/java/com/ib/controller/ApiController.java: Recompile with -Xlint:deprecation for details.
[WARNING] /home/ivan/IdeaProjects/firelib/ibgate/src/main/java/com/ib/client/Contract.java: Some input files use unchecked or unsafe operations.
[WARNING] /home/ivan/IdeaProjects/firelib/ibgate/src/main/java/com/ib/client/Contract.java: Recompile with -Xlint:unchecked for details.
[INFO] 
[INFO] --- maven-scala-plugin:2.15.2:compile (default) @ ibgate ---
[INFO] Checking for multiple versions of scala
[WARNING]  Expected all dependencies to require Scala version: 2.11.1
[WARNING]  com.firelib:ibgate:1.0-SNAPSHOT requires scala version: 2.11.1
[WARNING]  org.scalanlp:breeze_2.11:0.8.1 requires scala version: 2.11.1
[WARNING]  org.scalanlp:breeze-macros_2.11:0.3.1 requires scala version: 2.11.0
[WARNING] Multiple versions of scala libraries detected!
[INFO] includes = [**/*.java,**/*.scala,]
[INFO] excludes = []
[INFO] /home/ivan/IdeaProjects/firelib/ibgate/src/main/java:-1: info: compiling
[INFO] Compiling 55 source files to /home/ivan/IdeaProjects/firelib/ibgate/target/classes at 1406304899848
[INFO] prepare-compile in 0 s
[INFO] compile in 1 s
[INFO] 
[INFO] --- maven-resources-plugin:2.3:testResources (default-testResources) @ ibgate ---
[INFO] Using 'UTF-8' encoding to copy filtered resources.
[INFO] skip non existing resourceDirectory /home/ivan/IdeaProjects/firelib/ibgate/src/test/resources
[INFO] 
[INFO] --- maven-compiler-plugin:3.0:testCompile (default-testCompile) @ ibgate ---
[INFO] Changes detected - recompiling the module!
[INFO] 
[INFO] --- maven-scala-plugin:2.15.2:testCompile (default) @ ibgate ---
[INFO] Checking for multiple versions of scala
[WARNING]  Expected all dependencies to require Scala version: 2.11.1
[WARNING]  com.firelib:ibgate:1.0-SNAPSHOT requires scala version: 2.11.1
[WARNING]  org.scalanlp:breeze_2.11:0.8.1 requires scala version: 2.11.1
[WARNING]  org.scalanlp:breeze-macros_2.11:0.3.1 requires scala version: 2.11.0
[WARNING] Multiple versions of scala libraries detected!
[INFO] includes = [**/*.java,**/*.scala,]
[INFO] excludes = []
[WARNING] No source files found.
[INFO] 
[INFO] --- maven-surefire-plugin:2.10:test (default-test) @ ibgate ---
[INFO] Surefire report directory: /home/ivan/IdeaProjects/firelib/ibgate/target/surefire-reports

-------------------------------------------------------
 T E S T S
-------------------------------------------------------

Results :

Tests run: 0, Failures: 0, Errors: 0, Skipped: 0

[INFO] 
[INFO] --- maven-jar-plugin:2.2:jar (default-jar) @ ibgate ---
[INFO] Building jar: /home/ivan/IdeaProjects/firelib/ibgate/target/ibgate-1.0-SNAPSHOT.jar
[INFO] 
[INFO] --- maven-install-plugin:2.3:install (default-install) @ ibgate ---
[INFO] Installing /home/ivan/IdeaProjects/firelib/ibgate/target/ibgate-1.0-SNAPSHOT.jar to /home/ivan/.m2/repository/com/firelib/ibgate/1.0-SNAPSHOT/ibgate-1.0-SNAPSHOT.jar
[INFO] Installing /home/ivan/IdeaProjects/firelib/ibgate/pom.xml to /home/ivan/.m2/repository/com/firelib/ibgate/1.0-SNAPSHOT/ibgate-1.0-SNAPSHOT.pom
[INFO]                                                                         
[INFO] ------------------------------------------------------------------------
[INFO] Building domain 1.0-SNAPSHOT
[INFO] ------------------------------------------------------------------------
[INFO] 
[INFO] --- maven-clean-plugin:2.5:clean (default-clean) @ domain ---
[INFO] Deleting /home/ivan/IdeaProjects/firelib/domain/target
[INFO] 
[INFO] --- maven-resources-plugin:2.3:resources (default-resources) @ domain ---
[INFO] Using 'UTF-8' encoding to copy filtered resources.
[INFO] Copying 0 resource
[INFO] 
[INFO] --- maven-compiler-plugin:2.0.2:compile (default-compile) @ domain ---
[INFO] Nothing to compile - all classes are up to date
[INFO] 
[INFO] --- maven-scala-plugin:2.15.2:compile (default) @ domain ---
[INFO] Checking for multiple versions of scala
[WARNING]  Expected all dependencies to require Scala version: 2.11.1
[WARNING]  com.firelib:domain:1.0-SNAPSHOT requires scala version: 2.11.1
[WARNING]  org.scalanlp:breeze_2.11:0.8.1 requires scala version: 2.11.1
[WARNING]  org.scalanlp:breeze-macros_2.11:0.3.1 requires scala version: 2.11.0
[WARNING] Multiple versions of scala libraries detected!
[INFO] includes = [**/*.java,**/*.scala,]
[INFO] excludes = []
[INFO] /home/ivan/IdeaProjects/firelib/domain/src/main/java:-1: info: compiling
[INFO] /home/ivan/IdeaProjects/firelib/domain/src/main/scala:-1: info: compiling
[INFO] Compiling 44 source files to /home/ivan/IdeaProjects/firelib/domain/target/classes at 1406304902212
[WARNING] warning: Class org.joda.convert.FromString not found - continuing with a stub.
[WARNING] warning: Class org.joda.convert.ToString not found - continuing with a stub.
[WARNING] /home/ivan/IdeaProjects/firelib/domain/src/main/scala/firelib/common/IThreadExecutor.scala:9: warning: a pure expression does nothing in statement position; you may be omitting necessary parentheses
[INFO]     def Stop();1200.00
[INFO]                ^
[WARNING] warning: Class org.joda.convert.FromString not found - continuing with a stub.
[WARNING] warning: Class org.joda.convert.ToString not found - continuing with a stub.
[WARNING] warning: Class org.joda.convert.FromString not found - continuing with a stub.
[WARNING] warning: Class org.joda.convert.FromString not found - continuing with a stub.
[WARNING] warning: Class org.joda.convert.ToString not found - continuing with a stub.
[WARNING] 8 warnings found
[INFO] prepare-compile in 0 s
[INFO] compile in 7 s
[INFO] 
[INFO] --- maven-resources-plugin:2.3:testResources (default-testResources) @ domain ---
[INFO] Using 'UTF-8' encoding to copy filtered resources.
[INFO] skip non existing resourceDirectory /home/ivan/IdeaProjects/firelib/domain/src/test/resources
[INFO] 
[INFO] --- maven-compiler-plugin:2.0.2:testCompile (default-testCompile) @ domain ---
[INFO] Nothing to compile - all classes are up to date
[INFO] 
[INFO] --- maven-scala-plugin:2.15.2:testCompile (default) @ domain ---
[INFO] Checking for multiple versions of scala
[WARNING]  Expected all dependencies to require Scala version: 2.11.1
[WARNING]  com.firelib:domain:1.0-SNAPSHOT requires scala version: 2.11.1
[WARNING]  org.scalanlp:breeze_2.11:0.8.1 requires scala version: 2.11.1
[WARNING]  org.scalanlp:breeze-macros_2.11:0.3.1 requires scala version: 2.11.0
[WARNING] Multiple versions of scala libraries detected!
[INFO] includes = [**/*.java,**/*.scala,]
[INFO] excludes = []
[WARNING] No source files found.
[INFO] 
[INFO] --- maven-surefire-plugin:2.10:test (default-test) @ domain ---
[INFO] Surefire report directory: /home/ivan/IdeaProjects/firelib/domain/target/surefire-reports

-------------------------------------------------------
 T E S T S
-------------------------------------------------------

Results :

Tests run: 0, Failures: 0, Errors: 0, Skipped: 0

[INFO] 
[INFO] --- maven-jar-plugin:2.2:jar (default-jar) @ domain ---
[INFO] Building jar: /home/ivan/IdeaProjects/firelib/domain/target/domain-1.0-SNAPSHOT.jar
[INFO] 
[INFO] --- maven-install-plugin:2.3:install (default-install) @ domain ---
[INFO] Installing /home/ivan/IdeaProjects/firelib/domain/target/domain-1.0-SNAPSHOT.jar to /home/ivan/.m2/repository/com/firelib/domain/1.0-SNAPSHOT/domain-1.0-SNAPSHOT.jar
[INFO] Installing /home/ivan/IdeaProjects/firelib/domain/pom.xml to /home/ivan/.m2/repository/com/firelib/domain/1.0-SNAPSHOT/domain-1.0-SNAPSHOT.pom
[INFO]                                                                         
[INFO] ------------------------------------------------------------------------
[INFO] Building backtest 1.0-SNAPSHOT
[INFO] ------------------------------------------------------------------------
[INFO] 
[INFO] --- maven-clean-plugin:2.5:clean (default-clean) @ backtest ---
[INFO] Deleting /home/ivan/IdeaProjects/firelib/backtest/target
[INFO] 
[INFO] --- maven-resources-plugin:2.3:resources (default-resources) @ backtest ---
[INFO] Using 'UTF-8' encoding to copy filtered resources.
[INFO] Copying 0 resource
[INFO] 
[INFO] --- maven-compiler-plugin:2.0.2:compile (default-compile) @ backtest ---
[INFO] Nothing to compile - all classes are up to date
[INFO] 
[INFO] --- maven-scala-plugin:2.15.2:compile (default) @ backtest ---
[INFO] Checking for multiple versions of scala
[WARNING]  Expected all dependencies to require Scala version: 2.11.1
[WARNING]  com.firelib:domain:1.0-SNAPSHOT requires scala version: 2.11.1
[WARNING]  com.firelib:backtest:1.0-SNAPSHOT requires scala version: 2.11.1
[WARNING]  org.scalanlp:breeze_2.11:0.8.1 requires scala version: 2.11.1
[WARNING]  org.scalanlp:breeze-macros_2.11:0.3.1 requires scala version: 2.11.0
[WARNING] Multiple versions of scala libraries detected!
[INFO] includes = [**/*.java,**/*.scala,]
[INFO] excludes = []
[INFO] /home/ivan/IdeaProjects/firelib/backtest/src/main/java:-1: info: compiling
[INFO] /home/ivan/IdeaProjects/firelib/backtest/src/main/scala:-1: info: compiling
[INFO] Compiling 15 source files to /home/ivan/IdeaProjects/firelib/backtest/target/classes at 1406304909590
[WARNING] warning: Class org.joda.convert.FromString not found - continuing with a stub.
[WARNING] warning: Class org.joda.convert.FromString not found - continuing with a stub.
[WARNING] warning: Class org.joda.convert.ToString not found - continuing with a stub.
[WARNING] warning: Class org.joda.convert.ToString not found - continuing with a stub.
[WARNING] warning: Class org.joda.convert.FromString not found - continuing with a stub.
[WARNING] warning: Class org.joda.convert.ToString not found - continuing with a stub.
[WARNING] /home/ivan/IdeaProjects/firelib/backtest/src/main/scala/firelib/backtest/BacktestStarter.scala:7: warning: match may not be exhaustive.
[INFO] It would fail on the following input: ResearchMode()
[INFO]         mc.Mode match {
[INFO]            ^
[WARNING] /home/ivan/IdeaProjects/firelib/backtest/src/main/scala/firelib/backtest/BacktesterOptimized.scala:96: warning: comparing values of types Unit and None.type using `!=' will always yield true
[INFO]         while ((varr = variator.Next) != None) {
[INFO]                                       ^
[WARNING] warning: Class org.joda.convert.FromString not found - continuing with a stub.
[WARNING] warning: Class org.joda.convert.FromString not found - continuing with a stub.
[WARNING] warning: Class org.joda.convert.ToString not found - continuing with a stub.
[WARNING] warning: Class org.joda.convert.FromString not found - continuing with a stub.
[WARNING] warning: there were 1 feature warning(s); re-run with -feature for details
[WARNING] 13 warnings found
[INFO] prepare-compile in 0 s
[INFO] compile in 6 s
[INFO] 
[INFO] --- maven-resources-plugin:2.3:testResources (default-testResources) @ backtest ---
[INFO] Using 'UTF-8' encoding to copy filtered resources.
[INFO] skip non existing resourceDirectory /home/ivan/IdeaProjects/firelib/backtest/src/test/resources
[INFO] 
[INFO] --- maven-compiler-plugin:2.0.2:testCompile (default-testCompile) @ backtest ---
[INFO] Nothing to compile - all classes are up to date
[INFO] 
[INFO] --- maven-scala-plugin:2.15.2:testCompile (default) @ backtest ---
[INFO] Checking for multiple versions of scala
[WARNING]  Expected all dependencies to require Scala version: 2.11.1
[WARNING]  com.firelib:domain:1.0-SNAPSHOT requires scala version: 2.11.1
[WARNING]  com.firelib:backtest:1.0-SNAPSHOT requires scala version: 2.11.1
[WARNING]  org.scalanlp:breeze_2.11:0.8.1 requires scala version: 2.11.1
[WARNING]  org.scalanlp:breeze-macros_2.11:0.3.1 requires scala version: 2.11.0
[WARNING] Multiple versions of scala libraries detected!
[INFO] includes = [**/*.java,**/*.scala,]
[INFO] excludes = []
[WARNING] No source files found.
[INFO] 
[INFO] --- maven-surefire-plugin:2.10:test (default-test) @ backtest ---
[INFO] Surefire report directory: /home/ivan/IdeaProjects/firelib/backtest/target/surefire-reports

-------------------------------------------------------
 T E S T S
-------------------------------------------------------

Results :

Tests run: 0, Failures: 0, Errors: 0, Skipped: 0

[INFO] 
[INFO] --- maven-jar-plugin:2.2:jar (default-jar) @ backtest ---
[INFO] Building jar: /home/ivan/IdeaProjects/firelib/backtest/target/backtest-1.0-SNAPSHOT.jar
[INFO] 
[INFO] --- maven-install-plugin:2.3:install (default-install) @ backtest ---
[INFO] Installing /home/ivan/IdeaProjects/firelib/backtest/target/backtest-1.0-SNAPSHOT.jar to /home/ivan/.m2/repository/com/firelib/backtest/1.0-SNAPSHOT/backtest-1.0-SNAPSHOT.jar
[INFO] Installing /home/ivan/IdeaProjects/firelib/backtest/pom.xml to /home/ivan/.m2/repository/com/firelib/backtest/1.0-SNAPSHOT/backtest-1.0-SNAPSHOT.pom
[INFO]                                                                         
[INFO] ------------------------------------------------------------------------
[INFO] Building execution 1.0-SNAPSHOT
[INFO] ------------------------------------------------------------------------
[INFO] 
[INFO] --- maven-clean-plugin:2.5:clean (default-clean) @ execution ---
[INFO] Deleting /home/ivan/IdeaProjects/firelib/execution/target
[INFO] 
[INFO] --- maven-resources-plugin:2.3:resources (default-resources) @ execution ---
[INFO] Using 'UTF-8' encoding to copy filtered resources.
[INFO] Copying 0 resource
[INFO] 
[INFO] --- maven-compiler-plugin:2.0.2:compile (default-compile) @ execution ---
[INFO] Nothing to compile - all classes are up to date
[INFO] 
[INFO] --- maven-scala-plugin:2.15.2:compile (default) @ execution ---
[INFO] Checking for multiple versions of scala
[WARNING]  Expected all dependencies to require Scala version: 2.11.1
[WARNING]  com.firelib:domain:1.0-SNAPSHOT requires scala version: 2.11.1
[WARNING]  com.firelib:backtest:1.0-SNAPSHOT requires scala version: 2.11.1
[WARNING]  com.firelib:execution:1.0-SNAPSHOT requires scala version: 2.11.1
[WARNING]  org.scalanlp:breeze_2.11:0.8.1 requires scala version: 2.11.1
[WARNING]  org.scalanlp:breeze-macros_2.11:0.3.1 requires scala version: 2.11.0
[WARNING] Multiple versions of scala libraries detected!
[INFO] includes = [**/*.java,**/*.scala,]
[INFO] excludes = []
[INFO] /home/ivan/IdeaProjects/firelib/execution/src/main/java:-1: info: compiling
[INFO] /home/ivan/IdeaProjects/firelib/execution/src/main/scala:-1: info: compiling
[INFO] Compiling 8 source files to /home/ivan/IdeaProjects/firelib/execution/target/classes at 1406304916017
[ERROR] /home/ivan/IdeaProjects/firelib/execution/src/main/scala/firelib/execution/ModelRuntimeContainer.scala:32: error: ';' expected but '=' found.
[INFO]     (tradeGate, marketDataProvider) = new ProvidersFactory().Create(modelRuntimeConfig, executor);
[INFO]                                     ^
[ERROR] /home/ivan/IdeaProjects/firelib/execution/src/main/scala/firelib/execution/ModelRuntimeContainer.scala:41: error: ';' expected but '=' found.
[INFO]     (model, marketDataPlayer, distributor) = starter.RunSimple(modelRuntimeConfig.modelConfig, modelRuntimeConfig.RunBacktest)
[INFO]                                            ^
[ERROR] two errors found
[INFO] ------------------------------------------------------------------------
[INFO] Reactor Summary:
[INFO] 
[INFO] trading library written in scala/java ............. SUCCESS [0.622s]
[INFO] ibgate ............................................ SUCCESS [4.477s]
[INFO] domain ............................................ SUCCESS [7.406s]
[INFO] backtest .......................................... SUCCESS [6.428s]
[INFO] execution ......................................... FAILURE [1.356s]
[INFO] ------------------------------------------------------------------------
[INFO] BUILD FAILURE
[INFO] ------------------------------------------------------------------------
[INFO] Total time: 20.425s
[INFO] Finished at: Fri Jul 25 20:15:17 MSK 2014
[INFO] Final Memory: 20M/109M
[INFO] ------------------------------------------------------------------------
[ERROR] Failed to execute goal org.scala-tools:maven-scala-plugin:2.15.2:compile (default) on project execution: wrap: org.apache.commons.exec.ExecuteException: Process exited with an error: 1(Exit value: 1) -> [Help 1]
[ERROR] 
[ERROR] To see the full stack trace of the errors, re-run Maven with the -e switch.
[ERROR] Re-run Maven using the -X switch to enable full debug logging.
[ERROR] 
[ERROR] For more information about the errors and possible solutions, please read the following articles:
[ERROR] [Help 1] http://cwiki.apache.org/confluence/display/MAVEN/MojoExecutionException
[ERROR] 
[ERROR] After correcting the problems, you can resume the build with the command
[ERROR]   mvn <goals> -rf :execution
[WARNING] 
[WARNING] Some problems were encountered while building the effective settings
[WARNING] expected START_TAG or END_TAG not TEXT (position: TEXT seen ... if these are not\n   | already contained in the list.\n   |-->\n  <p... @85:5)  @ /home/ivan/.m2/settings.xml, line 85, column 5
[WARNING] 
[INFO] Scanning for projects...
[WARNING] 
[WARNING] Some problems were encountered while building the effective model for com.firelib:ibgate:jar:1.0-SNAPSHOT
[WARNING] 'build.plugins.plugin.version' for org.scala-tools:maven-scala-plugin is missing. @ com.firelib:firelib:1.0-SNAPSHOT, /home/ivan/IdeaProjects/firelib/pom.xml, line 77, column 21
[WARNING] 
[WARNING] Some problems were encountered while building the effective model for com.firelib:domain:jar:1.0-SNAPSHOT
[WARNING] 'build.plugins.plugin.version' for org.scala-tools:maven-scala-plugin is missing. @ line 58, column 21
[WARNING] 
[WARNING] Some problems were encountered while building the effective model for com.firelib:backtest:jar:1.0-SNAPSHOT
[WARNING] 'build.plugins.plugin.version' for org.scala-tools:maven-scala-plugin is missing. @ line 63, column 21
[WARNING] 
[WARNING] Some problems were encountered while building the effective model for com.firelib:execution:jar:1.0-SNAPSHOT
[WARNING] 'build.plugins.plugin.version' for org.scala-tools:maven-scala-plugin is missing. @ line 70, column 21
[WARNING] 
[WARNING] Some problems were encountered while building the effective model for com.firelib:firelib:pom:1.0-SNAPSHOT
[WARNING] 'build.plugins.plugin.version' for org.scala-tools:maven-scala-plugin is missing. @ line 77, column 21
[WARNING] 
[WARNING] It is highly recommended to fix these problems because they threaten the stability of your build.
[WARNING] 
[WARNING] For this reason, future Maven versions might no longer support building such malformed projects.
[WARNING] 
[INFO] ------------------------------------------------------------------------
[INFO] Reactor Build Order:
[INFO] 
[INFO] trading library written in scala/java
[INFO] ibgate
[INFO] domain
[INFO] backtest
[INFO] execution
[INFO]                                                                         
[INFO] ------------------------------------------------------------------------
[INFO] Building trading library written in scala/java 1.0-SNAPSHOT
[INFO] ------------------------------------------------------------------------
[INFO] 
[INFO] --- maven-clean-plugin:2.5:clean (default-clean) @ firelib ---
[INFO] Deleting /home/ivan/IdeaProjects/firelib/target
[INFO] 
[INFO] --- maven-scala-plugin:2.15.2:compile (default) @ firelib ---
[INFO] Checking for multiple versions of scala
[WARNING]  Expected all dependencies to require Scala version: 2.11.1
[WARNING]  com.firelib:firelib:1.0-SNAPSHOT requires scala version: 2.11.1
[WARNING]  org.scalanlp:breeze_2.11:0.8.1 requires scala version: 2.11.1
[WARNING]  org.scalanlp:breeze-macros_2.11:0.3.1 requires scala version: 2.11.0
[WARNING] Multiple versions of scala libraries detected!
[INFO] includes = [**/*.java,**/*.scala,]
[INFO] excludes = []
[WARNING] No source files found.
[INFO] 
[INFO] --- maven-scala-plugin:2.15.2:testCompile (default) @ firelib ---
[INFO] Checking for multiple versions of scala
[WARNING]  Expected all dependencies to require Scala version: 2.11.1
[WARNING]  com.firelib:firelib:1.0-SNAPSHOT requires scala version: 2.11.1
[WARNING]  org.scalanlp:breeze_2.11:0.8.1 requires scala version: 2.11.1
[WARNING]  org.scalanlp:breeze-macros_2.11:0.3.1 requires scala version: 2.11.0
[WARNING] Multiple versions of scala libraries detected!
[INFO] includes = [**/*.java,**/*.scala,]
[INFO] excludes = []
[WARNING] No source files found.
[INFO] 
[INFO] --- maven-install-plugin:2.3:install (default-install) @ firelib ---
[INFO] Installing /home/ivan/IdeaProjects/firelib/pom.xml to /home/ivan/.m2/repository/com/firelib/firelib/1.0-SNAPSHOT/firelib-1.0-SNAPSHOT.pom
[INFO]                                                                         
[INFO] ------------------------------------------------------------------------
[INFO] Building ibgate 1.0-SNAPSHOT
[INFO] ------------------------------------------------------------------------
[INFO] 
[INFO] --- maven-clean-plugin:2.5:clean (default-clean) @ ibgate ---
[INFO] Deleting /home/ivan/IdeaProjects/firelib/ibgate/target
[INFO] 
[INFO] --- maven-resources-plugin:2.3:resources (default-resources) @ ibgate ---
[INFO] Using 'UTF-8' encoding to copy filtered resources.
[INFO] Copying 0 resource
[INFO] 
[INFO] --- maven-compiler-plugin:3.0:compile (default-compile) @ ibgate ---
[INFO] Changes detected - recompiling the module!
[INFO] Compiling 55 source files to /home/ivan/IdeaProjects/firelib/ibgate/target/classes
[WARNING] /home/ivan/IdeaProjects/firelib/ibgate/src/main/java/com/ib/controller/ApiController.java: /home/ivan/IdeaProjects/firelib/ibgate/src/main/java/com/ib/controller/ApiController.java uses or overrides a deprecated API.
[WARNING] /home/ivan/IdeaProjects/firelib/ibgate/src/main/java/com/ib/controller/ApiController.java: Recompile with -Xlint:deprecation for details.
[WARNING] /home/ivan/IdeaProjects/firelib/ibgate/src/main/java/com/ib/client/Contract.java: Some input files use unchecked or unsafe operations.
[WARNING] /home/ivan/IdeaProjects/firelib/ibgate/src/main/java/com/ib/client/Contract.java: Recompile with -Xlint:unchecked for details.
[INFO] 
[INFO] --- maven-scala-plugin:2.15.2:compile (default) @ ibgate ---
[INFO] Checking for multiple versions of scala
[WARNING]  Expected all dependencies to require Scala version: 2.11.1
[WARNING]  com.firelib:ibgate:1.0-SNAPSHOT requires scala version: 2.11.1
[WARNING]  org.scalanlp:breeze_2.11:0.8.1 requires scala version: 2.11.1
[WARNING]  org.scalanlp:breeze-macros_2.11:0.3.1 requires scala version: 2.11.0
[WARNING] Multiple versions of scala libraries detected!
[INFO] includes = [**/*.java,**/*.scala,]
[INFO] excludes = []
[INFO] /home/ivan/IdeaProjects/firelib/ibgate/src/main/java:-1: info: compiling
[INFO] Compiling 55 source files to /home/ivan/IdeaProjects/firelib/ibgate/target/classes at 1406306817696
[INFO] prepare-compile in 0 s
[INFO] compile in 1 s
[INFO] 
[INFO] --- maven-resources-plugin:2.3:testResources (default-testResources) @ ibgate ---
[INFO] Using 'UTF-8' encoding to copy filtered resources.
[INFO] skip non existing resourceDirectory /home/ivan/IdeaProjects/firelib/ibgate/src/test/resources
[INFO] 
[INFO] --- maven-compiler-plugin:3.0:testCompile (default-testCompile) @ ibgate ---
[INFO] Changes detected - recompiling the module!
[INFO] 
[INFO] --- maven-scala-plugin:2.15.2:testCompile (default) @ ibgate ---
[INFO] Checking for multiple versions of scala
[WARNING]  Expected all dependencies to require Scala version: 2.11.1
[WARNING]  com.firelib:ibgate:1.0-SNAPSHOT requires scala version: 2.11.1
[WARNING]  org.scalanlp:breeze_2.11:0.8.1 requires scala version: 2.11.1
[WARNING]  org.scalanlp:breeze-macros_2.11:0.3.1 requires scala version: 2.11.0
[WARNING] Multiple versions of scala libraries detected!
[INFO] includes = [**/*.java,**/*.scala,]
[INFO] excludes = []
[WARNING] No source files found.
[INFO] 
[INFO] --- maven-surefire-plugin:2.10:test (default-test) @ ibgate ---
[INFO] Surefire report directory: /home/ivan/IdeaProjects/firelib/ibgate/target/surefire-reports

-------------------------------------------------------
 T E S T S
-------------------------------------------------------

Results :

Tests run: 0, Failures: 0, Errors: 0, Skipped: 0

[INFO] 
[INFO] --- maven-jar-plugin:2.2:jar (default-jar) @ ibgate ---
[INFO] Building jar: /home/ivan/IdeaProjects/firelib/ibgate/target/ibgate-1.0-SNAPSHOT.jar
[INFO] 
[INFO] --- maven-install-plugin:2.3:install (default-install) @ ibgate ---
[INFO] Installing /home/ivan/IdeaProjects/firelib/ibgate/target/ibgate-1.0-SNAPSHOT.jar to /home/ivan/.m2/repository/com/firelib/ibgate/1.0-SNAPSHOT/ibgate-1.0-SNAPSHOT.jar
[INFO] Installing /home/ivan/IdeaProjects/firelib/ibgate/pom.xml to /home/ivan/.m2/repository/com/firelib/ibgate/1.0-SNAPSHOT/ibgate-1.0-SNAPSHOT.pom
[INFO]                                                                         
[INFO] ------------------------------------------------------------------------
[INFO] Building domain 1.0-SNAPSHOT
[INFO] ------------------------------------------------------------------------
[INFO] 
[INFO] --- maven-clean-plugin:2.5:clean (default-clean) @ domain ---
[INFO] Deleting /home/ivan/IdeaProjects/firelib/domain/target
[INFO] 
[INFO] --- maven-resources-plugin:2.3:resources (default-resources) @ domain ---
[INFO] Using 'UTF-8' encoding to copy filtered resources.
[INFO] Copying 0 resource
[INFO] 
[INFO] --- maven-compiler-plugin:2.0.2:compile (default-compile) @ domain ---
[INFO] Nothing to compile - all classes are up to date
[INFO] 
[INFO] --- maven-scala-plugin:2.15.2:compile (default) @ domain ---
[INFO] Checking for multiple versions of scala
[WARNING]  Expected all dependencies to require Scala version: 2.11.1
[WARNING]  com.firelib:domain:1.0-SNAPSHOT requires scala version: 2.11.1
[WARNING]  org.scalanlp:breeze_2.11:0.8.1 requires scala version: 2.11.1
[WARNING]  org.scalanlp:breeze-macros_2.11:0.3.1 requires scala version: 2.11.0
[WARNING] Multiple versions of scala libraries detected!
[INFO] includes = [**/*.java,**/*.scala,]
[INFO] excludes = []
[INFO] /home/ivan/IdeaProjects/firelib/domain/src/main/java:-1: info: compiling
[INFO] /home/ivan/IdeaProjects/firelib/domain/src/main/scala:-1: info: compiling
[INFO] Compiling 44 source files to /home/ivan/IdeaProjects/firelib/domain/target/classes at 1406306820189
[WARNING] warning: Class org.joda.convert.FromString not found - continuing with a stub.
[WARNING] warning: Class org.joda.convert.ToString not found - continuing with a stub.
[WARNING] /home/ivan/IdeaProjects/firelib/domain/src/main/scala/firelib/common/IThreadExecutor.scala:9: warning: a pure expression does nothing in statement position; you may be omitting necessary parentheses
[INFO]     def Stop();1200.00
[INFO]                ^
[WARNING] warning: Class org.joda.convert.FromString not found - continuing with a stub.
[WARNING] warning: Class org.joda.convert.ToString not found - continuing with a stub.
[WARNING] warning: Class org.joda.convert.FromString not found - continuing with a stub.
[WARNING] warning: Class org.joda.convert.FromString not found - continuing with a stub.
[WARNING] warning: Class org.joda.convert.ToString not found - continuing with a stub.
[WARNING] 8 warnings found
[INFO] prepare-compile in 0 s
[INFO] compile in 7 s
[INFO] 
[INFO] --- maven-resources-plugin:2.3:testResources (default-testResources) @ domain ---
[INFO] Using 'UTF-8' encoding to copy filtered resources.
[INFO] skip non existing resourceDirectory /home/ivan/IdeaProjects/firelib/domain/src/test/resources
[INFO] 
[INFO] --- maven-compiler-plugin:2.0.2:testCompile (default-testCompile) @ domain ---
[INFO] Nothing to compile - all classes are up to date
[INFO] 
[INFO] --- maven-scala-plugin:2.15.2:testCompile (default) @ domain ---
[INFO] Checking for multiple versions of scala
[WARNING]  Expected all dependencies to require Scala version: 2.11.1
[WARNING]  com.firelib:domain:1.0-SNAPSHOT requires scala version: 2.11.1
[WARNING]  org.scalanlp:breeze_2.11:0.8.1 requires scala version: 2.11.1
[WARNING]  org.scalanlp:breeze-macros_2.11:0.3.1 requires scala version: 2.11.0
[WARNING] Multiple versions of scala libraries detected!
[INFO] includes = [**/*.java,**/*.scala,]
[INFO] excludes = []
[WARNING] No source files found.
[INFO] 
[INFO] --- maven-surefire-plugin:2.10:test (default-test) @ domain ---
[INFO] Surefire report directory: /home/ivan/IdeaProjects/firelib/domain/target/surefire-reports

-------------------------------------------------------
 T E S T S
-------------------------------------------------------

Results :

Tests run: 0, Failures: 0, Errors: 0, Skipped: 0

[INFO] 
[INFO] --- maven-jar-plugin:2.2:jar (default-jar) @ domain ---
[INFO] Building jar: /home/ivan/IdeaProjects/firelib/domain/target/domain-1.0-SNAPSHOT.jar
[INFO] 
[INFO] --- maven-install-plugin:2.3:install (default-install) @ domain ---
[INFO] Installing /home/ivan/IdeaProjects/firelib/domain/target/domain-1.0-SNAPSHOT.jar to /home/ivan/.m2/repository/com/firelib/domain/1.0-SNAPSHOT/domain-1.0-SNAPSHOT.jar
[INFO] Installing /home/ivan/IdeaProjects/firelib/domain/pom.xml to /home/ivan/.m2/repository/com/firelib/domain/1.0-SNAPSHOT/domain-1.0-SNAPSHOT.pom
[INFO]                                                                         
[INFO] ------------------------------------------------------------------------
[INFO] Building backtest 1.0-SNAPSHOT
[INFO] ------------------------------------------------------------------------
[INFO] 
[INFO] --- maven-clean-plugin:2.5:clean (default-clean) @ backtest ---
[INFO] Deleting /home/ivan/IdeaProjects/firelib/backtest/target
[INFO] 
[INFO] --- maven-resources-plugin:2.3:resources (default-resources) @ backtest ---
[INFO] Using 'UTF-8' encoding to copy filtered resources.
[INFO] Copying 0 resource
[INFO] 
[INFO] --- maven-compiler-plugin:2.0.2:compile (default-compile) @ backtest ---
[INFO] Nothing to compile - all classes are up to date
[INFO] 
[INFO] --- maven-scala-plugin:2.15.2:compile (default) @ backtest ---
[INFO] Checking for multiple versions of scala
[WARNING]  Expected all dependencies to require Scala version: 2.11.1
[WARNING]  com.firelib:domain:1.0-SNAPSHOT requires scala version: 2.11.1
[WARNING]  com.firelib:backtest:1.0-SNAPSHOT requires scala version: 2.11.1
[WARNING]  org.scalanlp:breeze_2.11:0.8.1 requires scala version: 2.11.1
[WARNING]  org.scalanlp:breeze-macros_2.11:0.3.1 requires scala version: 2.11.0
[WARNING] Multiple versions of scala libraries detected!
[INFO] includes = [**/*.java,**/*.scala,]
[INFO] excludes = []
[INFO] /home/ivan/IdeaProjects/firelib/backtest/src/main/java:-1: info: compiling
[INFO] /home/ivan/IdeaProjects/firelib/backtest/src/main/scala:-1: info: compiling
[INFO] Compiling 15 source files to /home/ivan/IdeaProjects/firelib/backtest/target/classes at 1406306828403
[WARNING] warning: Class org.joda.convert.FromString not found - continuing with a stub.
[WARNING] warning: Class org.joda.convert.FromString not found - continuing with a stub.
[WARNING] warning: Class org.joda.convert.ToString not found - continuing with a stub.
[WARNING] warning: Class org.joda.convert.ToString not found - continuing with a stub.
[WARNING] warning: Class org.joda.convert.FromString not found - continuing with a stub.
[WARNING] warning: Class org.joda.convert.ToString not found - continuing with a stub.
[WARNING] /home/ivan/IdeaProjects/firelib/backtest/src/main/scala/firelib/backtest/BacktestStarter.scala:7: warning: match may not be exhaustive.
[INFO] It would fail on the following input: ResearchMode()
[INFO]         mc.Mode match {
[INFO]            ^
[WARNING] /home/ivan/IdeaProjects/firelib/backtest/src/main/scala/firelib/backtest/BacktesterOptimized.scala:96: warning: comparing values of types Unit and None.type using `!=' will always yield true
[INFO]         while ((varr = variator.Next) != None) {
[INFO]                                       ^
[WARNING] warning: Class org.joda.convert.FromString not found - continuing with a stub.
[WARNING] warning: Class org.joda.convert.FromString not found - continuing with a stub.
[WARNING] warning: Class org.joda.convert.ToString not found - continuing with a stub.
[WARNING] warning: Class org.joda.convert.FromString not found - continuing with a stub.
[WARNING] warning: there were 1 feature warning(s); re-run with -feature for details
[WARNING] 13 warnings found
[INFO] prepare-compile in 0 s
[INFO] compile in 6 s
[INFO] 
[INFO] --- maven-resources-plugin:2.3:testResources (default-testResources) @ backtest ---
[INFO] Using 'UTF-8' encoding to copy filtered resources.
[INFO] skip non existing resourceDirectory /home/ivan/IdeaProjects/firelib/backtest/src/test/resources
[INFO] 
[INFO] --- maven-compiler-plugin:2.0.2:testCompile (default-testCompile) @ backtest ---
[INFO] Nothing to compile - all classes are up to date
[INFO] 
[INFO] --- maven-scala-plugin:2.15.2:testCompile (default) @ backtest ---
[INFO] Checking for multiple versions of scala
[WARNING]  Expected all dependencies to require Scala version: 2.11.1
[WARNING]  com.firelib:domain:1.0-SNAPSHOT requires scala version: 2.11.1
[WARNING]  com.firelib:backtest:1.0-SNAPSHOT requires scala version: 2.11.1
[WARNING]  org.scalanlp:breeze_2.11:0.8.1 requires scala version: 2.11.1
[WARNING]  org.scalanlp:breeze-macros_2.11:0.3.1 requires scala version: 2.11.0
[WARNING] Multiple versions of scala libraries detected!
[INFO] includes = [**/*.java,**/*.scala,]
[INFO] excludes = []
[WARNING] No source files found.
[INFO] 
[INFO] --- maven-surefire-plugin:2.10:test (default-test) @ backtest ---
[INFO] Surefire report directory: /home/ivan/IdeaProjects/firelib/backtest/target/surefire-reports

-------------------------------------------------------
 T E S T S
-------------------------------------------------------

Results :

Tests run: 0, Failures: 0, Errors: 0, Skipped: 0

[INFO] 
[INFO] --- maven-jar-plugin:2.2:jar (default-jar) @ backtest ---
[INFO] Building jar: /home/ivan/IdeaProjects/firelib/backtest/target/backtest-1.0-SNAPSHOT.jar
[INFO] 
[INFO] --- maven-install-plugin:2.3:install (default-install) @ backtest ---
[INFO] Installing /home/ivan/IdeaProjects/firelib/backtest/target/backtest-1.0-SNAPSHOT.jar to /home/ivan/.m2/repository/com/firelib/backtest/1.0-SNAPSHOT/backtest-1.0-SNAPSHOT.jar
[INFO] Installing /home/ivan/IdeaProjects/firelib/backtest/pom.xml to /home/ivan/.m2/repository/com/firelib/backtest/1.0-SNAPSHOT/backtest-1.0-SNAPSHOT.pom
[INFO]                                                                         
[INFO] ------------------------------------------------------------------------
[INFO] Building execution 1.0-SNAPSHOT
[INFO] ------------------------------------------------------------------------
[INFO] 
[INFO] --- maven-clean-plugin:2.5:clean (default-clean) @ execution ---
[INFO] Deleting /home/ivan/IdeaProjects/firelib/execution/target
[INFO] 
[INFO] --- maven-resources-plugin:2.3:resources (default-resources) @ execution ---
[INFO] Using 'UTF-8' encoding to copy filtered resources.
[INFO] Copying 0 resource
[INFO] 
[INFO] --- maven-compiler-plugin:2.0.2:compile (default-compile) @ execution ---
[INFO] Nothing to compile - all classes are up to date
[INFO] 
[INFO] --- maven-scala-plugin:2.15.2:compile (default) @ execution ---
[INFO] Checking for multiple versions of scala
[WARNING]  Expected all dependencies to require Scala version: 2.11.1
[WARNING]  com.firelib:domain:1.0-SNAPSHOT requires scala version: 2.11.1
[WARNING]  com.firelib:backtest:1.0-SNAPSHOT requires scala version: 2.11.1
[WARNING]  com.firelib:execution:1.0-SNAPSHOT requires scala version: 2.11.1
[WARNING]  org.scalanlp:breeze_2.11:0.8.1 requires scala version: 2.11.1
[WARNING]  org.scalanlp:breeze-macros_2.11:0.3.1 requires scala version: 2.11.0
[WARNING] Multiple versions of scala libraries detected!
[INFO] includes = [**/*.java,**/*.scala,]
[INFO] excludes = []
[INFO] /home/ivan/IdeaProjects/firelib/execution/src/main/java:-1: info: compiling
[INFO] /home/ivan/IdeaProjects/firelib/execution/src/main/scala:-1: info: compiling
[INFO] Compiling 8 source files to /home/ivan/IdeaProjects/firelib/execution/target/classes at 1406306834794
[WARNING] warning: Class org.joda.convert.FromString not found - continuing with a stub.
[WARNING] warning: Class org.joda.convert.ToString not found - continuing with a stub.
[WARNING] warning: Class org.joda.convert.FromString not found - continuing with a stub.
[WARNING] warning: Class org.joda.convert.ToString not found - continuing with a stub.
[WARNING] warning: Class org.joda.convert.FromString not found - continuing with a stub.
[WARNING] warning: Class org.joda.convert.ToString not found - continuing with a stub.
[WARNING] warning: Class org.joda.convert.FromString not found - continuing with a stub.
[WARNING] warning: Class org.joda.convert.FromString not found - continuing with a stub.
[WARNING] warning: Class org.joda.convert.ToString not found - continuing with a stub.
[WARNING] warning: Class org.joda.convert.FromString not found - continuing with a stub.
[WARNING] 10 warnings found
[INFO] prepare-compile in 0 s
[INFO] compile in 5 s
[INFO] 
[INFO] --- maven-resources-plugin:2.3:testResources (default-testResources) @ execution ---
[INFO] Using 'UTF-8' encoding to copy filtered resources.
[INFO] skip non existing resourceDirectory /home/ivan/IdeaProjects/firelib/execution/src/test/resources
[INFO] 
[INFO] --- maven-compiler-plugin:2.0.2:testCompile (default-testCompile) @ execution ---
[INFO] Nothing to compile - all classes are up to date
[INFO] 
[INFO] --- maven-scala-plugin:2.15.2:testCompile (default) @ execution ---
[INFO] Checking for multiple versions of scala
[WARNING]  Expected all dependencies to require Scala version: 2.11.1
[WARNING]  com.firelib:domain:1.0-SNAPSHOT requires scala version: 2.11.1
[WARNING]  com.firelib:backtest:1.0-SNAPSHOT requires scala version: 2.11.1
[WARNING]  com.firelib:execution:1.0-SNAPSHOT requires scala version: 2.11.1
[WARNING]  org.scalanlp:breeze_2.11:0.8.1 requires scala version: 2.11.1
[WARNING]  org.scalanlp:breeze-macros_2.11:0.3.1 requires scala version: 2.11.0
[WARNING] Multiple versions of scala libraries detected!
[INFO] includes = [**/*.java,**/*.scala,]
[INFO] excludes = []
[WARNING] No source files found.
[INFO] 
[INFO] --- maven-surefire-plugin:2.10:test (default-test) @ execution ---
[INFO] Surefire report directory: /home/ivan/IdeaProjects/firelib/execution/target/surefire-reports

-------------------------------------------------------
 T E S T S
-------------------------------------------------------

Results :

Tests run: 0, Failures: 0, Errors: 0, Skipped: 0

[INFO] 
[INFO] --- maven-jar-plugin:2.2:jar (default-jar) @ execution ---
[INFO] Building jar: /home/ivan/IdeaProjects/firelib/execution/target/execution-1.0-SNAPSHOT.jar
[INFO] 
[INFO] --- maven-install-plugin:2.3:install (default-install) @ execution ---
[INFO] Installing /home/ivan/IdeaProjects/firelib/execution/target/execution-1.0-SNAPSHOT.jar to /home/ivan/.m2/repository/com/firelib/execution/1.0-SNAPSHOT/execution-1.0-SNAPSHOT.jar
[INFO] Installing /home/ivan/IdeaProjects/firelib/execution/pom.xml to /home/ivan/.m2/repository/com/firelib/execution/1.0-SNAPSHOT/execution-1.0-SNAPSHOT.pom
[INFO] ------------------------------------------------------------------------
[INFO] Reactor Summary:
[INFO] 
[INFO] trading library written in scala/java ............. SUCCESS [0.553s]
[INFO] ibgate ............................................ SUCCESS [4.641s]
[INFO] domain ............................................ SUCCESS [8.244s]
[INFO] backtest .......................................... SUCCESS [6.414s]
[INFO] execution ......................................... SUCCESS [5.539s]
[INFO] ------------------------------------------------------------------------
[INFO] BUILD SUCCESS
[INFO] ------------------------------------------------------------------------
[INFO] Total time: 25.499s
[INFO] Finished at: Fri Jul 25 20:47:20 MSK 2014
[INFO] Final Memory: 20M/126M
[INFO] ------------------------------------------------------------------------

(process:2258): Gtk-WARNING **: Locale not supported by C library.
	Using the fallback 'C' locale.
Java HotSpot(TM) 64-Bit Server VM warning: CodeCache is full. Compiler has been disabled.
Java HotSpot(TM) 64-Bit Server VM warning: Try increasing the code cache size using -XX:ReservedCodeCacheSize=
CodeCache: size=98304Kb used=97321Kb max_used=97353Kb free=982Kb
 bounds [0x00007fd446000000, 0x00007fd44c000000, 0x00007fd44c000000]
 total_blobs=20802 nmethods=19745 adapters=963
 compilation: disabled (not enough contiguous free space left)
[55487311]   WARN - api.vfs.impl.local.FileWatcher - Watcher terminated with exit code 0 
